d:\projcom\absurd_to_sublime\absurd_to_sublime\debug\vc142.pdb
d:\projcom\absurd_to_sublime\absurd_to_sublime\debug\vc142.idb
d:\projcom\absurd_to_sublime\absurd_to_sublime\debug\animator.obj
d:\projcom\absurd_to_sublime\absurd_to_sublime\debug\absurd_to_sublime.obj
d:\projcom\absurd_to_sublime\absurd_to_sublime\debug\stats.obj
d:\projcom\absurd_to_sublime\absurd_to_sublime\debug\plot.obj
d:\projcom\absurd_to_sublime\absurd_to_sublime\debug\player.obj
d:\projcom\absurd_to_sublime\absurd_to_sublime\debug\perk.obj
d:\projcom\absurd_to_sublime\absurd_to_sublime\debug\item.obj
d:\projcom\absurd_to_sublime\absurd_to_sublime\debug\handlers.obj
d:\projcom\absurd_to_sublime\absurd_to_sublime\debug\enemy.obj
d:\projcom\absurd_to_sublime\absurd_to_sublime\debug\combat.obj
d:\projcom\absurd_to_sublime\absurd_to_sublime\debug\globalvariables.obj
d:\projcom\absurd_to_sublime\debug\absurd_to_sublime.exe
d:\projcom\absurd_to_sublime\absurd_to_sublime\debug\absurd_to_sublime.ilk
d:\projcom\absurd_to_sublime\debug\absurd_to_sublime.pdb
d:\projcom\absurd_to_sublime\absurd_to_sublime\debug\absurd_t.31843802.tlog\cl.command.1.tlog
d:\projcom\absurd_to_sublime\absurd_to_sublime\debug\absurd_t.31843802.tlog\cl.read.1.tlog
d:\projcom\absurd_to_sublime\absurd_to_sublime\debug\absurd_t.31843802.tlog\cl.write.1.tlog
d:\projcom\absurd_to_sublime\absurd_to_sublime\debug\absurd_t.31843802.tlog\link.command.1.tlog
d:\projcom\absurd_to_sublime\absurd_to_sublime\debug\absurd_t.31843802.tlog\link.read.1.tlog
d:\projcom\absurd_to_sublime\absurd_to_sublime\debug\absurd_t.31843802.tlog\link.write.1.tlog
